<?xml version="1.0" encoding="UTF-8"?>
<!-- Generated by org.testng.reporters.JUnitXMLReporter -->
<testsuite ignored="0" hostname="LAPTOP-OM6DM447" failures="0" tests="4" name="Default test" time="19.76" errors="0" timestamp="2024-08-18T18:13:11 IST">
  <testcase classname="testNGLearn.NewTestClass" name="reachDashBoardPage" time="2.519"/>
  <testcase classname="testNGLearn.NewTestClass" name="validateDashboardPageContent" time="0.66"/>
  <testcase classname="testNGLearn.NewTestClass" name="validateTitle" time="0.013"/>
  <testcase classname="testNGLearn.NewTestClass" name="validateUrl" time="1.907"/>
</testsuite> <!-- Default test -->
