<?xml version="1.0" encoding="UTF-8"?>
<!-- Generated by org.testng.reporters.JUnitXMLReporter -->
<testsuite ignored="1" hostname="LAPTOP-OM6DM447" failures="0" tests="1" name="Default test" time="6.552" errors="0" timestamp="2024-08-25T17:19:18 IST">
  <testcase classname="HerokuApp.webdriverUse" name="checkDragDrop" time="0.731"/>
  <testcase classname="HerokuApp.webdriverUse" name="openCheckDropDown" time="0.0">
    <ignored/>
  </testcase> <!-- openCheckDropDown -->
</testsuite> <!-- Default test -->
