<?xml version="1.0" encoding="UTF-8"?>
<!-- Generated by org.testng.reporters.JUnitXMLReporter -->
<testsuite ignored="0" hostname="LAPTOP-OM6DM447" failures="1" tests="2" name="AllureTest" time="0.13" errors="0" timestamp="2024-08-18T16:38:21 IST">
  <testcase classname="AllureReport.TestCase2" name="testMethod2" time="0.045"/>
  <testcase classname="AllureReport.TestCase1" name="testMethod1" time="0.002">
    <failure type="java.lang.AssertionError" message="expected [true] but found [false]">
      <![CDATA[java.lang.AssertionError: expected [true] but found [false]
at AllureReport.TestCase1.testMethod1(TestCase1.java:12)
at java.base/java.util.ArrayList.forEach(ArrayList.java:1597)
... Removed 29 stack frames]]>
    </failure>
  </testcase> <!-- testMethod1 -->
</testsuite> <!-- AllureTest -->
