<?xml version="1.0" encoding="UTF-8"?>
<!-- Generated by org.testng.reporters.JUnitXMLReporter -->
<testsuite ignored="0" hostname="LAPTOP-OM6DM447" failures="2" tests="6" name="checking" time="17.899" errors="0" timestamp="2024-08-18T18:55:32 IST">
  <testcase classname="AllureReport.TestCase2" name="testMethod2" time="0.067"/>
  <testcase classname="AllureReport.TestCase1" name="testMethod1" time="0.004">
    <failure type="java.lang.AssertionError" message="expected [true] but found [false]">
      <![CDATA[java.lang.AssertionError: expected [true] but found [false]
at AllureReport.TestCase1.testMethod1(TestCase1.java:12)
at java.base/java.util.ArrayList.forEach(ArrayList.java:1597)
... Removed 29 stack frames]]>
    </failure>
  </testcase> <!-- testMethod1 -->
  <testcase classname="testNGLearn.NewTestClass" name="reachDashBoardPage" time="0.944"/>
  <testcase classname="testNGLearn.NewTestClass" name="validateDashboardPageContent" time="0.347"/>
  <testcase classname="testNGLearn.NewTestClass" name="validateTitle" time="0.008">
    <failure type="java.lang.AssertionError" message="expected [OrangeHR] but found [OrangeHRM]">
      <![CDATA[java.lang.AssertionError: expected [OrangeHR] but found [OrangeHRM]
at testNGLearn.NewTestClass.validateTitle(NewTestClass.java:29)
at java.base/java.util.ArrayList.forEach(ArrayList.java:1597)
... Removed 31 stack frames]]>
    </failure>
  </testcase> <!-- validateTitle -->
  <testcase classname="testNGLearn.NewTestClass" name="validateUrl" time="0.215"/>
</testsuite> <!-- checking -->
