<?xml version="1.0" encoding="UTF-8"?>
<testng-results ignored="1" total="2" passed="1" failed="0" skipped="0">
  <reporter-output>
  </reporter-output>
  <suite started-at="2024-08-25T23:51:13 IST" name="Default suite" finished-at="2024-08-25T23:51:26 IST" duration-ms="12418">
    <groups>
    </groups>
    <test started-at="2024-08-25T23:51:13 IST" name="Default test" finished-at="2024-08-25T23:51:26 IST" duration-ms="12418">
      <class name="HerokuApp.webdriverUse">
        <test-method is-config="true" signature="openProperties()[pri:0, instance:HerokuApp.webdriverUse@2b76ff4e]" started-at="2024-08-25T23:51:13 IST" name="openProperties" finished-at="2024-08-25T23:51:13 IST" duration-ms="24" status="PASS">
          <reporter-output>
          </reporter-output>
        </test-method> <!-- openProperties -->
        <test-method is-config="true" signature="browseUrl()[pri:0, instance:HerokuApp.webdriverUse@2b76ff4e]" started-at="2024-08-25T23:51:13 IST" name="browseUrl" finished-at="2024-08-25T23:51:20 IST" duration-ms="6640" status="PASS">
          <reporter-output>
          </reporter-output>
        </test-method> <!-- browseUrl -->
        <test-method signature="openCheckDropDown()[pri:0, instance:HerokuApp.webdriverUse@2b76ff4e]" started-at="2024-08-25T23:51:20 IST" name="openCheckDropDown" finished-at="2024-08-25T23:51:26 IST" duration-ms="5556" status="PASS">
          <reporter-output>
          </reporter-output>
        </test-method> <!-- openCheckDropDown -->
        <test-method is-config="true" signature="tearDown()[pri:0, instance:HerokuApp.webdriverUse@2b76ff4e]" started-at="2024-08-25T23:51:26 IST" name="tearDown" finished-at="2024-08-25T23:51:26 IST" duration-ms="122" status="PASS">
          <reporter-output>
          </reporter-output>
        </test-method> <!-- tearDown -->
      </class> <!-- HerokuApp.webdriverUse -->
    </test> <!-- Default test -->
  </suite> <!-- Default suite -->
</testng-results>
