<?xml version="1.0" encoding="UTF-8"?>
<testng-results ignored="0" total="4" passed="4" failed="0" skipped="0">
  <reporter-output>
  </reporter-output>
  <suite started-at="2024-08-19T23:56:38 IST" name="Default suite" finished-at="2024-08-19T23:56:59 IST" duration-ms="21519">
    <groups>
    </groups>
    <test started-at="2024-08-19T23:56:38 IST" name="Default test" finished-at="2024-08-19T23:56:59 IST" duration-ms="21519">
      <class name="testNGLearn.NewTestClass">
        <test-method is-config="true" signature="openProperties()[pri:0, instance:testNGLearn.NewTestClass@27eedb64]" started-at="2024-08-19T23:56:38 IST" name="openProperties" finished-at="2024-08-19T23:56:38 IST" duration-ms="11" status="PASS">
          <reporter-output>
          </reporter-output>
        </test-method> <!-- openProperties -->
        <test-method is-config="true" signature="browseUrl()[pri:0, instance:testNGLearn.NewTestClass@27eedb64]" started-at="2024-08-19T23:56:38 IST" name="browseUrl" finished-at="2024-08-19T23:56:55 IST" duration-ms="17273" status="PASS">
          <reporter-output>
          </reporter-output>
        </test-method> <!-- browseUrl -->
        <test-method signature="reachDashBoardPage()[pri:0, instance:testNGLearn.NewTestClass@27eedb64]" started-at="2024-08-19T23:56:55 IST" name="reachDashBoardPage" finished-at="2024-08-19T23:56:57 IST" duration-ms="2522" status="PASS">
          <reporter-output>
          </reporter-output>
        </test-method> <!-- reachDashBoardPage -->
        <test-method signature="validateDashboardPageContent()[pri:0, instance:testNGLearn.NewTestClass@27eedb64]" started-at="2024-08-19T23:56:58 IST" name="validateDashboardPageContent" finished-at="2024-08-19T23:56:58 IST" duration-ms="794" status="PASS">
          <reporter-output>
          </reporter-output>
        </test-method> <!-- validateDashboardPageContent -->
        <test-method signature="validateTitle()[pri:0, instance:testNGLearn.NewTestClass@27eedb64]" started-at="2024-08-19T23:56:58 IST" name="validateTitle" finished-at="2024-08-19T23:56:58 IST" duration-ms="17" status="PASS">
          <reporter-output>
          </reporter-output>
        </test-method> <!-- validateTitle -->
        <test-method signature="validateUrl()[pri:0, instance:testNGLearn.NewTestClass@27eedb64]" started-at="2024-08-19T23:56:58 IST" name="validateUrl" finished-at="2024-08-19T23:56:59 IST" duration-ms="517" status="PASS">
          <reporter-output>
          </reporter-output>
        </test-method> <!-- validateUrl -->
        <test-method is-config="true" signature="tearDown()[pri:0, instance:testNGLearn.NewTestClass@27eedb64]" started-at="2024-08-19T23:56:59 IST" name="tearDown" finished-at="2024-08-19T23:56:59 IST" duration-ms="205" status="PASS">
          <reporter-output>
          </reporter-output>
        </test-method> <!-- tearDown -->
      </class> <!-- testNGLearn.NewTestClass -->
    </test> <!-- Default test -->
  </suite> <!-- Default suite -->
</testng-results>
