<?xml version="1.0" encoding="UTF-8"?>
<testng-results ignored="0" total="2" passed="2" failed="0" skipped="0">
  <reporter-output>
  </reporter-output>
  <suite started-at="2024-08-25T18:01:17 IST" name="Default suite" finished-at="2024-08-25T18:01:18 IST" duration-ms="631">
    <groups>
    </groups>
    <test started-at="2024-08-25T18:01:17 IST" name="Default test" finished-at="2024-08-25T18:01:18 IST" duration-ms="631">
      <class name="ExcelltestScripts.importExcelTestData">
        <test-method signature="createOrg()[pri:0, instance:ExcelltestScripts.importExcelTestData@632ceb35]" started-at="2024-08-25T18:01:17 IST" name="createOrg" finished-at="2024-08-25T18:01:18 IST" duration-ms="530" status="PASS">
          <reporter-output>
          </reporter-output>
        </test-method> <!-- createOrg -->
        <test-method signature="createOrgWithIndustry()[pri:0, instance:ExcelltestScripts.importExcelTestData@632ceb35]" started-at="2024-08-25T18:01:18 IST" name="createOrgWithIndustry" finished-at="2024-08-25T18:01:18 IST" duration-ms="25" status="PASS">
          <reporter-output>
          </reporter-output>
        </test-method> <!-- createOrgWithIndustry -->
      </class> <!-- ExcelltestScripts.importExcelTestData -->
    </test> <!-- Default test -->
  </suite> <!-- Default suite -->
</testng-results>
