<?xml version="1.0" encoding="UTF-8"?>
<testng-results ignored="5" total="6" passed="1" failed="0" skipped="0">
  <reporter-output>
  </reporter-output>
  <suite started-at="2024-08-25T00:25:43 IST" name="Smoke" finished-at="2024-08-25T00:26:00 IST" duration-ms="17640">
    <groups>
      <group name="regression">
        <method signature="NewTestClass.validateDashboardPageContent()[pri:0, instance:testNGLearn.NewTestClass@34158c08]" name="validateDashboardPageContent" class="testNGLearn.NewTestClass"/>
      </group> <!-- regression -->
    </groups>
    <test started-at="2024-08-25T00:25:43 IST" name="Test" finished-at="2024-08-25T00:26:00 IST" duration-ms="17640">
      <class name="testNGLearn.NewTestClass">
        <test-method is-config="true" signature="openProperties()[pri:0, instance:testNGLearn.NewTestClass@34158c08]" started-at="2024-08-25T00:25:43 IST" name="openProperties" finished-at="2024-08-25T00:25:43 IST" duration-ms="11" status="PASS">
          <reporter-output>
          </reporter-output>
        </test-method> <!-- openProperties -->
        <test-method is-config="true" signature="browseUrl()[pri:0, instance:testNGLearn.NewTestClass@34158c08]" started-at="2024-08-25T00:25:43 IST" name="browseUrl" finished-at="2024-08-25T00:26:00 IST" duration-ms="16919" status="PASS">
          <reporter-output>
          </reporter-output>
        </test-method> <!-- browseUrl -->
        <test-method signature="validateDashboardPageContent()[pri:0, instance:testNGLearn.NewTestClass@34158c08]" started-at="2024-08-25T00:26:00 IST" name="validateDashboardPageContent" finished-at="2024-08-25T00:26:00 IST" duration-ms="376" status="PASS">
          <reporter-output>
          </reporter-output>
        </test-method> <!-- validateDashboardPageContent -->
        <test-method is-config="true" signature="tearDown()[pri:0, instance:testNGLearn.NewTestClass@34158c08]" started-at="2024-08-25T00:26:00 IST" name="tearDown" finished-at="2024-08-25T00:26:00 IST" duration-ms="176" status="PASS">
          <reporter-output>
          </reporter-output>
        </test-method> <!-- tearDown -->
      </class> <!-- testNGLearn.NewTestClass -->
    </test> <!-- Test -->
  </suite> <!-- Smoke -->
</testng-results>
