<?xml version="1.0" encoding="UTF-8"?>
<testng-results ignored="0" total="2" passed="2" failed="0" skipped="0">
  <reporter-output>
  </reporter-output>
  <suite started-at="2024-08-25T17:53:30 IST" name="Default suite" finished-at="2024-08-25T17:53:31 IST" duration-ms="779">
    <groups>
    </groups>
    <test started-at="2024-08-25T17:53:30 IST" name="Default test" finished-at="2024-08-25T17:53:31 IST" duration-ms="779">
      <class name="ExcelltestScripts.importExcelTestData">
        <test-method signature="createOrg()[pri:0, instance:ExcelltestScripts.importExcelTestData@632ceb35]" started-at="2024-08-25T17:53:30 IST" name="createOrg" finished-at="2024-08-25T17:53:31 IST" duration-ms="652" status="PASS">
          <reporter-output>
          </reporter-output>
        </test-method> <!-- createOrg -->
        <test-method signature="createOrgWithIndustry()[pri:0, instance:ExcelltestScripts.importExcelTestData@632ceb35]" started-at="2024-08-25T17:53:31 IST" name="createOrgWithIndustry" finished-at="2024-08-25T17:53:31 IST" duration-ms="34" status="PASS">
          <reporter-output>
          </reporter-output>
        </test-method> <!-- createOrgWithIndustry -->
      </class> <!-- ExcelltestScripts.importExcelTestData -->
    </test> <!-- Default test -->
  </suite> <!-- Default suite -->
</testng-results>
