<?xml version="1.0" encoding="UTF-8"?>
<!-- Generated by org.testng.reporters.JUnitXMLReporter -->
<testsuite ignored="5" hostname="LAPTOP-OM6DM447" failures="0" tests="1" name="Test" time="17.64" errors="0" timestamp="2024-08-25T00:26:00 IST">
  <testcase classname="testNGLearn.NewTestClass" name="validateDashboardPageContent" time="0.376"/>
  <testcase classname="testNGLearn.NewTestClass" name="reachDashBoardPage" time="0.0">
    <ignored/>
  </testcase> <!-- reachDashBoardPage -->
  <testcase classname="testNGLearn.NewTestClass" name="validateUrl" time="0.0">
    <ignored/>
  </testcase> <!-- validateUrl -->
  <testcase classname="AllureReport.TestCase2" name="testMethod2" time="0.0">
    <ignored/>
  </testcase> <!-- testMethod2 -->
  <testcase classname="AllureReport.TestCase1" name="testMethod1" time="0.0">
    <ignored/>
  </testcase> <!-- testMethod1 -->
  <testcase classname="testNGLearn.NewTestClass" name="validateTitle" time="0.0">
    <ignored/>
  </testcase> <!-- validateTitle -->
</testsuite> <!-- Test -->
